{
  "stats": {
    "suites": 44,
    "tests": 155,
    "passes": 69,
    "pending": 0,
    "failures": 86,
    "start": "2017-08-11T02:43:03.665Z",
    "end": "2017-08-11T02:44:01.483Z",
    "duration": 57818,
    "testsRegistered": 157,
    "passPercent": 43.9,
    "pendingPercent": 0,
    "other": 1,
    "hasOther": true,
    "skipped": 2,
    "hasSkipped": true,
    "passPercentClass": "danger",
    "pendingPercentClass": "danger"
  },
  "suites": {
    "title": "",
    "suites": [
      {
        "title": "BasicTokenMock",
        "suites": [],
        "tests": [],
        "pending": [],
        "root": false,
        "_timeout": 2000,
        "uuid": "179baec7-95c8-47a9-bc01-f4b08527ca6a",
        "beforeHooks": [
          {
            "title": "\"before all\" hook: prepare suite",
            "fullTitle": "BasicTokenMock \"before all\" hook: prepare suite",
            "timedOut": false,
            "duration": 0,
            "pass": false,
            "fail": false,
            "pending": false,
            "code": "series([\n  runner.initialize.bind(runner),\n  self.compileNewAbstractInterface.bind(this, runner),\n  self.deployTestDependencies.bind(this, abstraction, dependency_paths, runner)\n], done);",
            "err": {},
            "isRoot": false,
            "uuid": "6f7df698-3ec5-4e67-8644-06a99a2417a0",
            "parentUUID": "179baec7-95c8-47a9-bc01-f4b08527ca6a",
            "isHook": true,
            "skipped": false
          },
          {
            "title": "\"before each\" hook: before test",
            "fullTitle": "BasicTokenMock \"before each\" hook: before test",
            "timedOut": false,
            "duration": 0,
            "pass": false,
            "fail": false,
            "pending": false,
            "code": "runner.startTest(this, done);",
            "err": {},
            "isRoot": false,
            "uuid": "bced6f94-d6a7-4c1d-b041-941c5edcf511",
            "parentUUID": "179baec7-95c8-47a9-bc01-f4b08527ca6a",
            "isHook": true,
            "skipped": false
          }
        ],
        "afterHooks": [
          {
            "title": "\"after each\" hook: after test",
            "fullTitle": "BasicTokenMock \"after each\" hook: after test",
            "timedOut": false,
            "duration": 0,
            "pass": false,
            "fail": false,
            "pending": false,
            "code": "runner.endTest(this, done);",
            "err": {},
            "isRoot": false,
            "uuid": "1abca270-1742-4e92-96bd-e0c97f1f00ff",
            "parentUUID": "179baec7-95c8-47a9-bc01-f4b08527ca6a",
            "isHook": true,
            "skipped": false
          }
        ],
        "fullFile": "",
        "file": "",
        "passes": [],
        "failures": [],
        "skipped": [],
        "hasBeforeHooks": true,
        "hasAfterHooks": true,
        "hasTests": false,
        "hasSuites": false,
        "totalTests": 0,
        "totalPasses": 0,
        "totalFailures": 0,
        "totalPending": 0,
        "totalSkipped": 0,
        "hasPasses": false,
        "hasFailures": false,
        "hasPending": false,
        "hasSkipped": false,
        "duration": 0,
        "rootEmpty": false
      },
      {
        "title": "BurnableTokenMock",
        "suites": [],
        "tests": [],
        "pending": [],
        "root": false,
        "_timeout": 2000,
        "uuid": "4d52fd31-382c-42b4-9f33-6cbead167c69",
        "beforeHooks": [
          {
            "title": "\"before all\" hook: prepare suite",
            "fullTitle": "BurnableTokenMock \"before all\" hook: prepare suite",
            "timedOut": false,
            "duration": 0,
            "pass": false,
            "fail": false,
            "pending": false,
            "code": "series([\n  runner.initialize.bind(runner),\n  self.compileNewAbstractInterface.bind(this, runner),\n  self.deployTestDependencies.bind(this, abstraction, dependency_paths, runner)\n], done);",
            "err": {},
            "isRoot": false,
            "uuid": "76905c79-2e77-4a12-9e71-79d4f344d47a",
            "parentUUID": "4d52fd31-382c-42b4-9f33-6cbead167c69",
            "isHook": true,
            "skipped": false
          },
          {
            "title": "\"before each\" hook: before test",
            "fullTitle": "BurnableTokenMock \"before each\" hook: before test",
            "timedOut": false,
            "duration": 0,
            "pass": false,
            "fail": false,
            "pending": false,
            "code": "runner.startTest(this, done);",
            "err": {},
            "isRoot": false,
            "uuid": "5238fbf3-d773-4634-8b49-212d62302ae7",
            "parentUUID": "4d52fd31-382c-42b4-9f33-6cbead167c69",
            "isHook": true,
            "skipped": false
          }
        ],
        "afterHooks": [
          {
            "title": "\"after each\" hook: after test",
            "fullTitle": "BurnableTokenMock \"after each\" hook: after test",
            "timedOut": false,
            "duration": 0,
            "pass": false,
            "fail": false,
            "pending": false,
            "code": "runner.endTest(this, done);",
            "err": {},
            "isRoot": false,
            "uuid": "9498218f-461a-47bb-8709-ec64e9db6b4a",
            "parentUUID": "4d52fd31-382c-42b4-9f33-6cbead167c69",
            "isHook": true,
            "skipped": false
          }
        ],
        "fullFile": "",
        "file": "",
        "passes": [],
        "failures": [],
        "skipped": [],
        "hasBeforeHooks": true,
        "hasAfterHooks": true,
        "hasTests": false,
        "hasSuites": false,
        "totalTests": 0,
        "totalPasses": 0,
        "totalFailures": 0,
        "totalPending": 0,
        "totalSkipped": 0,
        "hasPasses": false,
        "hasFailures": false,
        "hasPending": false,
        "hasSkipped": false,
        "duration": 0,
        "rootEmpty": false
      },
      {
        "title": "CappedCrowdsaleImpl",
        "suites": [],
        "tests": [],
        "pending": [],
        "root": false,
        "_timeout": 2000,
        "uuid": "39a1dd94-bb23-4f4a-9445-d32550c445f6",
        "beforeHooks": [
          {
            "title": "\"before all\" hook: prepare suite",
            "fullTitle": "CappedCrowdsaleImpl \"before all\" hook: prepare suite",
            "timedOut": false,
            "duration": 0,
            "pass": false,
            "fail": false,
            "pending": false,
            "code": "series([\n  runner.initialize.bind(runner),\n  self.compileNewAbstractInterface.bind(this, runner),\n  self.deployTestDependencies.bind(this, abstraction, dependency_paths, runner)\n], done);",
            "err": {},
            "isRoot": false,
            "uuid": "0523b93e-ce10-4a9e-86f3-0ff8655a8d24",
            "parentUUID": "39a1dd94-bb23-4f4a-9445-d32550c445f6",
            "isHook": true,
            "skipped": false
          },
          {
            "title": "\"before each\" hook: before test",
            "fullTitle": "CappedCrowdsaleImpl \"before each\" hook: before test",
            "timedOut": false,
            "duration": 0,
            "pass": false,
            "fail": false,
            "pending": false,
            "code": "runner.startTest(this, done);",
            "err": {},
            "isRoot": false,
            "uuid": "3e3b6e44-8e93-4836-af69-b037c48150c9",
            "parentUUID": "39a1dd94-bb23-4f4a-9445-d32550c445f6",
            "isHook": true,
            "skipped": false
          }
        ],
        "afterHooks": [
          {
            "title": "\"after each\" hook: after test",
            "fullTitle": "CappedCrowdsaleImpl \"after each\" hook: after test",
            "timedOut": false,
            "duration": 0,
            "pass": false,
            "fail": false,
            "pending": false,
            "code": "runner.endTest(this, done);",
            "err": {},
            "isRoot": false,
            "uuid": "b7ebf889-1c56-429c-b713-18048b0f53a6",
            "parentUUID": "39a1dd94-bb23-4f4a-9445-d32550c445f6",
            "isHook": true,
            "skipped": false
          }
        ],
        "fullFile": "",
        "file": "",
        "passes": [],
        "failures": [],
        "skipped": [],
        "hasBeforeHooks": true,
        "hasAfterHooks": true,
        "hasTests": false,
        "hasSuites": false,
        "totalTests": 0,
        "totalPasses": 0,
        "totalFailures": 0,
        "totalPending": 0,
        "totalSkipped": 0,
        "hasPasses": false,
        "hasFailures": false,
        "hasPending": false,
        "hasSkipped": false,
        "duration": 0,
        "rootEmpty": false
      },
      {
        "title": "DayLimitMock",
        "suites": [],
        "tests": [],
        "pending": [],
        "root": false,
        "_timeout": 2000,
        "uuid": "ae321844-a970-4162-a71a-dc7d4b032149",
        "beforeHooks": [
          {
            "title": "\"before all\" hook: prepare suite",
            "fullTitle": "DayLimitMock \"before all\" hook: prepare suite",
            "timedOut": false,
            "duration": 0,
            "pass": false,
            "fail": false,
            "pending": false,
            "code": "series([\n  runner.initialize.bind(runner),\n  self.compileNewAbstractInterface.bind(this, runner),\n  self.deployTestDependencies.bind(this, abstraction, dependency_paths, runner)\n], done);",
            "err": {},
            "isRoot": false,
            "uuid": "f824dcad-1b78-4ca5-8536-c288497ee302",
            "parentUUID": "ae321844-a970-4162-a71a-dc7d4b032149",
            "isHook": true,
            "skipped": false
          },
          {
            "title": "\"before each\" hook: before test",
            "fullTitle": "DayLimitMock \"before each\" hook: before test",
            "timedOut": false,
            "duration": 0,
            "pass": false,
            "fail": false,
            "pending": false,
            "code": "runner.startTest(this, done);",
            "err": {},
            "isRoot": false,
            "uuid": "5d35bc97-95e9-47af-82c8-aca2d6dc2931",
            "parentUUID": "ae321844-a970-4162-a71a-dc7d4b032149",
            "isHook": true,
            "skipped": false
          }
        ],
        "afterHooks": [
          {
            "title": "\"after each\" hook: after test",
            "fullTitle": "DayLimitMock \"after each\" hook: after test",
            "timedOut": false,
            "duration": 0,
            "pass": false,
            "fail": false,
            "pending": false,
            "code": "runner.endTest(this, done);",
            "err": {},
            "isRoot": false,
            "uuid": "f665e551-f280-4e6d-87e7-c1dedcc0e98e",
            "parentUUID": "ae321844-a970-4162-a71a-dc7d4b032149",
            "isHook": true,
            "skipped": false
          }
        ],
        "fullFile": "",
        "file": "",
        "passes": [],
        "failures": [],
        "skipped": [],
        "hasBeforeHooks": true,
        "hasAfterHooks": true,
        "hasTests": false,
        "hasSuites": false,
        "totalTests": 0,
        "totalPasses": 0,
        "totalFailures": 0,
        "totalPending": 0,
        "totalSkipped": 0,
        "hasPasses": false,
        "hasFailures": false,
        "hasPending": false,
        "hasSkipped": false,
        "duration": 0,
        "rootEmpty": false
      },
      {
        "title": "ERC23TokenMock",
        "suites": [],
        "tests": [],
        "pending": [],
        "root": false,
        "_timeout": 2000,
        "uuid": "163a5222-eb0d-4735-90b8-59289a894524",
        "beforeHooks": [
          {
            "title": "\"before all\" hook: prepare suite",
            "fullTitle": "ERC23TokenMock \"before all\" hook: prepare suite",
            "timedOut": false,
            "duration": 0,
            "pass": false,
            "fail": false,
            "pending": false,
            "code": "series([\n  runner.initialize.bind(runner),\n  self.compileNewAbstractInterface.bind(this, runner),\n  self.deployTestDependencies.bind(this, abstraction, dependency_paths, runner)\n], done);",
            "err": {},
            "isRoot": false,
            "uuid": "45dd4535-397e-482b-91ba-2b84de0a2acf",
            "parentUUID": "163a5222-eb0d-4735-90b8-59289a894524",
            "isHook": true,
            "skipped": false
          },
          {
            "title": "\"before each\" hook: before test",
            "fullTitle": "ERC23TokenMock \"before each\" hook: before test",
            "timedOut": false,
            "duration": 0,
            "pass": false,
            "fail": false,
            "pending": false,
            "code": "runner.startTest(this, done);",
            "err": {},
            "isRoot": false,
            "uuid": "718d1efa-f72b-459c-b7e2-ebd0562481e6",
            "parentUUID": "163a5222-eb0d-4735-90b8-59289a894524",
            "isHook": true,
            "skipped": false
          }
        ],
        "afterHooks": [
          {
            "title": "\"after each\" hook: after test",
            "fullTitle": "ERC23TokenMock \"after each\" hook: after test",
            "timedOut": false,
            "duration": 0,
            "pass": false,
            "fail": false,
            "pending": false,
            "code": "runner.endTest(this, done);",
            "err": {},
            "isRoot": false,
            "uuid": "fdd868ed-89e1-4be3-8995-1e75a00dde56",
            "parentUUID": "163a5222-eb0d-4735-90b8-59289a894524",
            "isHook": true,
            "skipped": false
          }
        ],
        "fullFile": "",
        "file": "",
        "passes": [],
        "failures": [],
        "skipped": [],
        "hasBeforeHooks": true,
        "hasAfterHooks": true,
        "hasTests": false,
        "hasSuites": false,
        "totalTests": 0,
        "totalPasses": 0,
        "totalFailures": 0,
        "totalPending": 0,
        "totalSkipped": 0,
        "hasPasses": false,
        "hasFailures": false,
        "hasPending": false,
        "hasSkipped": false,
        "duration": 0,
        "rootEmpty": false
      },
      {
        "title": "FinalizableCrowdsaleImpl",
        "suites": [],
        "tests": [],
        "pending": [],
        "root": false,
        "_timeout": 2000,
        "uuid": "027088dd-a80d-4b4f-9db8-41ea9b691ced",
        "beforeHooks": [
          {
            "title": "\"before all\" hook: prepare suite",
            "fullTitle": "FinalizableCrowdsaleImpl \"before all\" hook: prepare suite",
            "timedOut": false,
            "duration": 0,
            "pass": false,
            "fail": false,
            "pending": false,
            "code": "series([\n  runner.initialize.bind(runner),\n  self.compileNewAbstractInterface.bind(this, runner),\n  self.deployTestDependencies.bind(this, abstraction, dependency_paths, runner)\n], done);",
            "err": {},
            "isRoot": false,
            "uuid": "4f81f14e-7a6c-412a-ba0c-e5932f76f2ea",
            "parentUUID": "027088dd-a80d-4b4f-9db8-41ea9b691ced",
            "isHook": true,
            "skipped": false
          },
          {
            "title": "\"before each\" hook: before test",
            "fullTitle": "FinalizableCrowdsaleImpl \"before each\" hook: before test",
            "timedOut": false,
            "duration": 0,
            "pass": false,
            "fail": false,
            "pending": false,
            "code": "runner.startTest(this, done);",
            "err": {},
            "isRoot": false,
            "uuid": "4208edb1-6cc7-42ea-bb38-9b2a8ccea537",
            "parentUUID": "027088dd-a80d-4b4f-9db8-41ea9b691ced",
            "isHook": true,
            "skipped": false
          }
        ],
        "afterHooks": [
          {
            "title": "\"after each\" hook: after test",
            "fullTitle": "FinalizableCrowdsaleImpl \"after each\" hook: after test",
            "timedOut": false,
            "duration": 0,
            "pass": false,
            "fail": false,
            "pending": false,
            "code": "runner.endTest(this, done);",
            "err": {},
            "isRoot": false,
            "uuid": "5cc7dc06-57f3-4260-88eb-28f0ae1ad583",
            "parentUUID": "027088dd-a80d-4b4f-9db8-41ea9b691ced",
            "isHook": true,
            "skipped": false
          }
        ],
        "fullFile": "",
        "file": "",
        "passes": [],
        "failures": [],
        "skipped": [],
        "hasBeforeHooks": true,
        "hasAfterHooks": true,
        "hasTests": false,
        "hasSuites": false,
        "totalTests": 0,
        "totalPasses": 0,
        "totalFailures": 0,
        "totalPending": 0,
        "totalSkipped": 0,
        "hasPasses": false,
        "hasFailures": false,
        "hasPending": false,
        "hasSkipped": false,
        "duration": 0,
        "rootEmpty": false
      },
      {
        "title": "ForceEther",
        "suites": [],
        "tests": [],
        "pending": [],
        "root": false,
        "_timeout": 2000,
        "uuid": "7bd92a01-1c41-4565-a0ec-5cf167395436",
        "beforeHooks": [
          {
            "title": "\"before all\" hook: prepare suite",
            "fullTitle": "ForceEther \"before all\" hook: prepare suite",
            "timedOut": false,
            "duration": 0,
            "pass": false,
            "fail": false,
            "pending": false,
            "code": "series([\n  runner.initialize.bind(runner),\n  self.compileNewAbstractInterface.bind(this, runner),\n  self.deployTestDependencies.bind(this, abstraction, dependency_paths, runner)\n], done);",
            "err": {},
            "isRoot": false,
            "uuid": "24888ee0-98ca-4c9a-ad59-b35bbc3d40d3",
            "parentUUID": "7bd92a01-1c41-4565-a0ec-5cf167395436",
            "isHook": true,
            "skipped": false
          },
          {
            "title": "\"before each\" hook: before test",
            "fullTitle": "ForceEther \"before each\" hook: before test",
            "timedOut": false,
            "duration": 0,
            "pass": false,
            "fail": false,
            "pending": false,
            "code": "runner.startTest(this, done);",
            "err": {},
            "isRoot": false,
            "uuid": "571b6d90-2208-4fd2-80b7-8a205383a205",
            "parentUUID": "7bd92a01-1c41-4565-a0ec-5cf167395436",
            "isHook": true,
            "skipped": false
          }
        ],
        "afterHooks": [
          {
            "title": "\"after each\" hook: after test",
            "fullTitle": "ForceEther \"after each\" hook: after test",
            "timedOut": false,
            "duration": 0,
            "pass": false,
            "fail": false,
            "pending": false,
            "code": "runner.endTest(this, done);",
            "err": {},
            "isRoot": false,
            "uuid": "755d4696-3b12-4ece-893a-76b854689644",
            "parentUUID": "7bd92a01-1c41-4565-a0ec-5cf167395436",
            "isHook": true,
            "skipped": false
          }
        ],
        "fullFile": "",
        "file": "",
        "passes": [],
        "failures": [],
        "skipped": [],
        "hasBeforeHooks": true,
        "hasAfterHooks": true,
        "hasTests": false,
        "hasSuites": false,
        "totalTests": 0,
        "totalPasses": 0,
        "totalFailures": 0,
        "totalPending": 0,
        "totalSkipped": 0,
        "hasPasses": false,
        "hasFailures": false,
        "hasPending": false,
        "hasSkipped": false,
        "duration": 0,
        "rootEmpty": false
      },
      {
        "title": "HasNoEtherTest",
        "suites": [],
        "tests": [],
        "pending": [],
        "root": false,
        "_timeout": 2000,
        "uuid": "d323a253-457f-44ca-ba5d-83920e487b8b",
        "beforeHooks": [
          {
            "title": "\"before all\" hook: prepare suite",
            "fullTitle": "HasNoEtherTest \"before all\" hook: prepare suite",
            "timedOut": false,
            "duration": 0,
            "pass": false,
            "fail": false,
            "pending": false,
            "code": "series([\n  runner.initialize.bind(runner),\n  self.compileNewAbstractInterface.bind(this, runner),\n  self.deployTestDependencies.bind(this, abstraction, dependency_paths, runner)\n], done);",
            "err": {},
            "isRoot": false,
            "uuid": "bfdad21e-f9bb-44c0-bf44-2b48839f3a35",
            "parentUUID": "d323a253-457f-44ca-ba5d-83920e487b8b",
            "isHook": true,
            "skipped": false
          },
          {
            "title": "\"before each\" hook: before test",
            "fullTitle": "HasNoEtherTest \"before each\" hook: before test",
            "timedOut": false,
            "duration": 0,
            "pass": false,
            "fail": false,
            "pending": false,
            "code": "runner.startTest(this, done);",
            "err": {},
            "isRoot": false,
            "uuid": "3fbc984f-a1dd-4174-8a22-8837daac1c4e",
            "parentUUID": "d323a253-457f-44ca-ba5d-83920e487b8b",
            "isHook": true,
            "skipped": false
          }
        ],
        "afterHooks": [
          {
            "title": "\"after each\" hook: after test",
            "fullTitle": "HasNoEtherTest \"after each\" hook: after test",
            "timedOut": false,
            "duration": 0,
            "pass": false,
            "fail": false,
            "pending": false,
            "code": "runner.endTest(this, done);",
            "err": {},
            "isRoot": false,
            "uuid": "aecfffcb-cb1b-4572-9488-5bd07cfde149",
            "parentUUID": "d323a253-457f-44ca-ba5d-83920e487b8b",
            "isHook": true,
            "skipped": false
          }
        ],
        "fullFile": "",
        "file": "",
        "passes": [],
        "failures": [],
        "skipped": [],
        "hasBeforeHooks": true,
        "hasAfterHooks": true,
        "hasTests": false,
        "hasSuites": false,
        "totalTests": 0,
        "totalPasses": 0,
        "totalFailures": 0,
        "totalPending": 0,
        "totalSkipped": 0,
        "hasPasses": false,
        "hasFailures": false,
        "hasPending": false,
        "hasSkipped": false,
        "duration": 0,
        "rootEmpty": false
      },
      {
        "title": "InsecureTargetBounty",
        "suites": [],
        "tests": [],
        "pending": [],
        "root": false,
        "_timeout": 2000,
        "uuid": "79676bbf-8ee7-4aa6-8a00-bfee83ce0ed8",
        "beforeHooks": [
          {
            "title": "\"before all\" hook: prepare suite",
            "fullTitle": "InsecureTargetBounty \"before all\" hook: prepare suite",
            "timedOut": false,
            "duration": 0,
            "pass": false,
            "fail": false,
            "pending": false,
            "code": "series([\n  runner.initialize.bind(runner),\n  self.compileNewAbstractInterface.bind(this, runner),\n  self.deployTestDependencies.bind(this, abstraction, dependency_paths, runner)\n], done);",
            "err": {},
            "isRoot": false,
            "uuid": "ab0184bf-5f8e-4f33-a491-ca9d414d533d",
            "parentUUID": "79676bbf-8ee7-4aa6-8a00-bfee83ce0ed8",
            "isHook": true,
            "skipped": false
          },
          {
            "title": "\"before each\" hook: before test",
            "fullTitle": "InsecureTargetBounty \"before each\" hook: before test",
            "timedOut": false,
            "duration": 0,
            "pass": false,
            "fail": false,
            "pending": false,
            "code": "runner.startTest(this, done);",
            "err": {},
            "isRoot": false,
            "uuid": "aca1ca08-a5cb-4c18-912b-afc815dc4428",
            "parentUUID": "79676bbf-8ee7-4aa6-8a00-bfee83ce0ed8",
            "isHook": true,
            "skipped": false
          }
        ],
        "afterHooks": [
          {
            "title": "\"after each\" hook: after test",
            "fullTitle": "InsecureTargetBounty \"after each\" hook: after test",
            "timedOut": false,
            "duration": 0,
            "pass": false,
            "fail": false,
            "pending": false,
            "code": "runner.endTest(this, done);",
            "err": {},
            "isRoot": false,
            "uuid": "8911064f-e527-48ae-904b-e6949fefc4ee",
            "parentUUID": "79676bbf-8ee7-4aa6-8a00-bfee83ce0ed8",
            "isHook": true,
            "skipped": false
          }
        ],
        "fullFile": "",
        "file": "",
        "passes": [],
        "failures": [],
        "skipped": [],
        "hasBeforeHooks": true,
        "hasAfterHooks": true,
        "hasTests": false,
        "hasSuites": false,
        "totalTests": 0,
        "totalPasses": 0,
        "totalFailures": 0,
        "totalPending": 0,
        "totalSkipped": 0,
        "hasPasses": false,
        "hasFailures": false,
        "hasPending": false,
        "hasSkipped": false,
        "duration": 0,
        "rootEmpty": false
      },
      {
        "title": "LimitBalanceMock",
        "suites": [],
        "tests": [],
        "pending": [],
        "root": false,
        "_timeout": 2000,
        "uuid": "dc52b3bf-5877-4bbb-a9ad-bbf4f25d927a",
        "beforeHooks": [
          {
            "title": "\"before all\" hook: prepare suite",
            "fullTitle": "LimitBalanceMock \"before all\" hook: prepare suite",
            "timedOut": false,
            "duration": 0,
            "pass": false,
            "fail": false,
            "pending": false,
            "code": "series([\n  runner.initialize.bind(runner),\n  self.compileNewAbstractInterface.bind(this, runner),\n  self.deployTestDependencies.bind(this, abstraction, dependency_paths, runner)\n], done);",
            "err": {},
            "isRoot": false,
            "uuid": "34cf4261-213b-4ddb-be0b-e92dbc3e816c",
            "parentUUID": "dc52b3bf-5877-4bbb-a9ad-bbf4f25d927a",
            "isHook": true,
            "skipped": false
          },
          {
            "title": "\"before each\" hook: before test",
            "fullTitle": "LimitBalanceMock \"before each\" hook: before test",
            "timedOut": false,
            "duration": 0,
            "pass": false,
            "fail": false,
            "pending": false,
            "code": "runner.startTest(this, done);",
            "err": {},
            "isRoot": false,
            "uuid": "eeb77d13-8d5f-42e0-a468-b6992feb4a17",
            "parentUUID": "dc52b3bf-5877-4bbb-a9ad-bbf4f25d927a",
            "isHook": true,
            "skipped": false
          }
        ],
        "afterHooks": [
          {
            "title": "\"after each\" hook: after test",
            "fullTitle": "LimitBalanceMock \"after each\" hook: after test",
            "timedOut": false,
            "duration": 0,
            "pass": false,
            "fail": false,
            "pending": false,
            "code": "runner.endTest(this, done);",
            "err": {},
            "isRoot": false,
            "uuid": "9e18bb96-3795-43e9-8579-2905595c6696",
            "parentUUID": "dc52b3bf-5877-4bbb-a9ad-bbf4f25d927a",
            "isHook": true,
            "skipped": false
          }
        ],
        "fullFile": "",
        "file": "",
        "passes": [],
        "failures": [],
        "skipped": [],
        "hasBeforeHooks": true,
        "hasAfterHooks": true,
        "hasTests": false,
        "hasSuites": false,
        "totalTests": 0,
        "totalPasses": 0,
        "totalFailures": 0,
        "totalPending": 0,
        "totalSkipped": 0,
        "hasPasses": false,
        "hasFailures": false,
        "hasPending": false,
        "hasSkipped": false,
        "duration": 0,
        "rootEmpty": false
      },
      {
        "title": "PausableMock",
        "suites": [],
        "tests": [],
        "pending": [],
        "root": false,
        "_timeout": 2000,
        "uuid": "d576549c-1754-4819-8757-386c48ec9237",
        "beforeHooks": [
          {
            "title": "\"before all\" hook: prepare suite",
            "fullTitle": "PausableMock \"before all\" hook: prepare suite",
            "timedOut": false,
            "duration": 0,
            "pass": false,
            "fail": false,
            "pending": false,
            "code": "series([\n  runner.initialize.bind(runner),\n  self.compileNewAbstractInterface.bind(this, runner),\n  self.deployTestDependencies.bind(this, abstraction, dependency_paths, runner)\n], done);",
            "err": {},
            "isRoot": false,
            "uuid": "97a52f17-54d6-43a7-9351-57a1cf44d23f",
            "parentUUID": "d576549c-1754-4819-8757-386c48ec9237",
            "isHook": true,
            "skipped": false
          },
          {
            "title": "\"before each\" hook: before test",
            "fullTitle": "PausableMock \"before each\" hook: before test",
            "timedOut": false,
            "duration": 0,
            "pass": false,
            "fail": false,
            "pending": false,
            "code": "runner.startTest(this, done);",
            "err": {},
            "isRoot": false,
            "uuid": "525c4fe3-5a25-469a-a842-ca64b5387c66",
            "parentUUID": "d576549c-1754-4819-8757-386c48ec9237",
            "isHook": true,
            "skipped": false
          }
        ],
        "afterHooks": [
          {
            "title": "\"after each\" hook: after test",
            "fullTitle": "PausableMock \"after each\" hook: after test",
            "timedOut": false,
            "duration": 0,
            "pass": false,
            "fail": false,
            "pending": false,
            "code": "runner.endTest(this, done);",
            "err": {},
            "isRoot": false,
            "uuid": "f24914b3-de29-49c0-a144-fe94ec70a0ae",
            "parentUUID": "d576549c-1754-4819-8757-386c48ec9237",
            "isHook": true,
            "skipped": false
          }
        ],
        "fullFile": "",
        "file": "",
        "passes": [],
        "failures": [],
        "skipped": [],
        "hasBeforeHooks": true,
        "hasAfterHooks": true,
        "hasTests": false,
        "hasSuites": false,
        "totalTests": 0,
        "totalPasses": 0,
        "totalFailures": 0,
        "totalPending": 0,
        "totalSkipped": 0,
        "hasPasses": false,
        "hasFailures": false,
        "hasPending": false,
        "hasSkipped": false,
        "duration": 0,
        "rootEmpty": false
      },
      {
        "title": "PausableTokenMock",
        "suites": [],
        "tests": [],
        "pending": [],
        "root": false,
        "_timeout": 2000,
        "uuid": "ad90c658-9cdf-4d1d-bdde-5bf5f706e8f3",
        "beforeHooks": [
          {
            "title": "\"before all\" hook: prepare suite",
            "fullTitle": "PausableTokenMock \"before all\" hook: prepare suite",
            "timedOut": false,
            "duration": 0,
            "pass": false,
            "fail": false,
            "pending": false,
            "code": "series([\n  runner.initialize.bind(runner),\n  self.compileNewAbstractInterface.bind(this, runner),\n  self.deployTestDependencies.bind(this, abstraction, dependency_paths, runner)\n], done);",
            "err": {},
            "isRoot": false,
            "uuid": "434463a9-5f96-4def-8450-272635a42a95",
            "parentUUID": "ad90c658-9cdf-4d1d-bdde-5bf5f706e8f3",
            "isHook": true,
            "skipped": false
          },
          {
            "title": "\"before each\" hook: before test",
            "fullTitle": "PausableTokenMock \"before each\" hook: before test",
            "timedOut": false,
            "duration": 0,
            "pass": false,
            "fail": false,
            "pending": false,
            "code": "runner.startTest(this, done);",
            "err": {},
            "isRoot": false,
            "uuid": "ca62339e-2f62-4cfa-b946-b8cb7a25da6a",
            "parentUUID": "ad90c658-9cdf-4d1d-bdde-5bf5f706e8f3",
            "isHook": true,
            "skipped": false
          }
        ],
        "afterHooks": [
          {
            "title": "\"after each\" hook: after test",
            "fullTitle": "PausableTokenMock \"after each\" hook: after test",
            "timedOut": false,
            "duration": 0,
            "pass": false,
            "fail": false,
            "pending": false,
            "code": "runner.endTest(this, done);",
            "err": {},
            "isRoot": false,
            "uuid": "9e2ea988-61d1-4017-9570-f77097ca5eb3",
            "parentUUID": "ad90c658-9cdf-4d1d-bdde-5bf5f706e8f3",
            "isHook": true,
            "skipped": false
          }
        ],
        "fullFile": "",
        "file": "",
        "passes": [],
        "failures": [],
        "skipped": [],
        "hasBeforeHooks": true,
        "hasAfterHooks": true,
        "hasTests": false,
        "hasSuites": false,
        "totalTests": 0,
        "totalPasses": 0,
        "totalFailures": 0,
        "totalPending": 0,
        "totalSkipped": 0,
        "hasPasses": false,
        "hasFailures": false,
        "hasPending": false,
        "hasSkipped": false,
        "duration": 0,
        "rootEmpty": false
      },
      {
        "title": "PullPaymentMock",
        "suites": [],
        "tests": [],
        "pending": [],
        "root": false,
        "_timeout": 2000,
        "uuid": "bf9e4200-b0fc-4642-aafd-48123a8522f8",
        "beforeHooks": [
          {
            "title": "\"before all\" hook: prepare suite",
            "fullTitle": "PullPaymentMock \"before all\" hook: prepare suite",
            "timedOut": false,
            "duration": 0,
            "pass": false,
            "fail": false,
            "pending": false,
            "code": "series([\n  runner.initialize.bind(runner),\n  self.compileNewAbstractInterface.bind(this, runner),\n  self.deployTestDependencies.bind(this, abstraction, dependency_paths, runner)\n], done);",
            "err": {},
            "isRoot": false,
            "uuid": "0a098dc9-fcac-4dd2-87a8-95100f424fe9",
            "parentUUID": "bf9e4200-b0fc-4642-aafd-48123a8522f8",
            "isHook": true,
            "skipped": false
          },
          {
            "title": "\"before each\" hook: before test",
            "fullTitle": "PullPaymentMock \"before each\" hook: before test",
            "timedOut": false,
            "duration": 0,
            "pass": false,
            "fail": false,
            "pending": false,
            "code": "runner.startTest(this, done);",
            "err": {},
            "isRoot": false,
            "uuid": "2a27302e-339d-4054-98a3-50ff61faaf90",
            "parentUUID": "bf9e4200-b0fc-4642-aafd-48123a8522f8",
            "isHook": true,
            "skipped": false
          }
        ],
        "afterHooks": [
          {
            "title": "\"after each\" hook: after test",
            "fullTitle": "PullPaymentMock \"after each\" hook: after test",
            "timedOut": false,
            "duration": 0,
            "pass": false,
            "fail": false,
            "pending": false,
            "code": "runner.endTest(this, done);",
            "err": {},
            "isRoot": false,
            "uuid": "f3bcc5e1-a75d-4d3a-abad-c67780902878",
            "parentUUID": "bf9e4200-b0fc-4642-aafd-48123a8522f8",
            "isHook": true,
            "skipped": false
          }
        ],
        "fullFile": "",
        "file": "",
        "passes": [],
        "failures": [],
        "skipped": [],
        "hasBeforeHooks": true,
        "hasAfterHooks": true,
        "hasTests": false,
        "hasSuites": false,
        "totalTests": 0,
        "totalPasses": 0,
        "totalFailures": 0,
        "totalPending": 0,
        "totalSkipped": 0,
        "hasPasses": false,
        "hasFailures": false,
        "hasPending": false,
        "hasSkipped": false,
        "duration": 0,
        "rootEmpty": false
      },
      {
        "title": "ReentrancyAttack",
        "suites": [],
        "tests": [],
        "pending": [],
        "root": false,
        "_timeout": 2000,
        "uuid": "5a19d1ca-99f6-410b-915b-859c51339a9b",
        "beforeHooks": [
          {
            "title": "\"before all\" hook: prepare suite",
            "fullTitle": "ReentrancyAttack \"before all\" hook: prepare suite",
            "timedOut": false,
            "duration": 0,
            "pass": false,
            "fail": false,
            "pending": false,
            "code": "series([\n  runner.initialize.bind(runner),\n  self.compileNewAbstractInterface.bind(this, runner),\n  self.deployTestDependencies.bind(this, abstraction, dependency_paths, runner)\n], done);",
            "err": {},
            "isRoot": false,
            "uuid": "2b3b8900-b1fe-4f9b-ae4b-a0b801ba3cbe",
            "parentUUID": "5a19d1ca-99f6-410b-915b-859c51339a9b",
            "isHook": true,
            "skipped": false
          },
          {
            "title": "\"before each\" hook: before test",
            "fullTitle": "ReentrancyAttack \"before each\" hook: before test",
            "timedOut": false,
            "duration": 0,
            "pass": false,
            "fail": false,
            "pending": false,
            "code": "runner.startTest(this, done);",
            "err": {},
            "isRoot": false,
            "uuid": "cae4aac0-3ba5-470f-a147-9b79347c0e98",
            "parentUUID": "5a19d1ca-99f6-410b-915b-859c51339a9b",
            "isHook": true,
            "skipped": false
          }
        ],
        "afterHooks": [
          {
            "title": "\"after each\" hook: after test",
            "fullTitle": "ReentrancyAttack \"after each\" hook: after test",
            "timedOut": false,
            "duration": 0,
            "pass": false,
            "fail": false,
            "pending": false,
            "code": "runner.endTest(this, done);",
            "err": {},
            "isRoot": false,
            "uuid": "ef975679-729b-4e26-8cb8-708f0faf00b8",
            "parentUUID": "5a19d1ca-99f6-410b-915b-859c51339a9b",
            "isHook": true,
            "skipped": false
          }
        ],
        "fullFile": "",
        "file": "",
        "passes": [],
        "failures": [],
        "skipped": [],
        "hasBeforeHooks": true,
        "hasAfterHooks": true,
        "hasTests": false,
        "hasSuites": false,
        "totalTests": 0,
        "totalPasses": 0,
        "totalFailures": 0,
        "totalPending": 0,
        "totalSkipped": 0,
        "hasPasses": false,
        "hasFailures": false,
        "hasPending": false,
        "hasSkipped": false,
        "duration": 0,
        "rootEmpty": false
      },
      {
        "title": "ReentrancyMock",
        "suites": [],
        "tests": [],
        "pending": [],
        "root": false,
        "_timeout": 2000,
        "uuid": "5dbf7961-6c0e-4ce6-a6fc-86e8368e71c1",
        "beforeHooks": [
          {
            "title": "\"before all\" hook: prepare suite",
            "fullTitle": "ReentrancyMock \"before all\" hook: prepare suite",
            "timedOut": false,
            "duration": 0,
            "pass": false,
            "fail": false,
            "pending": false,
            "code": "series([\n  runner.initialize.bind(runner),\n  self.compileNewAbstractInterface.bind(this, runner),\n  self.deployTestDependencies.bind(this, abstraction, dependency_paths, runner)\n], done);",
            "err": {},
            "isRoot": false,
            "uuid": "80894f06-0b8f-4f88-8791-2e4ce64f5547",
            "parentUUID": "5dbf7961-6c0e-4ce6-a6fc-86e8368e71c1",
            "isHook": true,
            "skipped": false
          },
          {
            "title": "\"before each\" hook: before test",
            "fullTitle": "ReentrancyMock \"before each\" hook: before test",
            "timedOut": false,
            "duration": 0,
            "pass": false,
            "fail": false,
            "pending": false,
            "code": "runner.startTest(this, done);",
            "err": {},
            "isRoot": false,
            "uuid": "83c94807-fd1d-4a1f-bfbf-cb95fa5cf56f",
            "parentUUID": "5dbf7961-6c0e-4ce6-a6fc-86e8368e71c1",
            "isHook": true,
            "skipped": false
          }
        ],
        "afterHooks": [
          {
            "title": "\"after each\" hook: after test",
            "fullTitle": "ReentrancyMock \"after each\" hook: after test",
            "timedOut": false,
            "duration": 0,
            "pass": false,
            "fail": false,
            "pending": false,
            "code": "runner.endTest(this, done);",
            "err": {},
            "isRoot": false,
            "uuid": "7038b9f3-0138-4ea9-8aed-9b898139802b",
            "parentUUID": "5dbf7961-6c0e-4ce6-a6fc-86e8368e71c1",
            "isHook": true,
            "skipped": false
          }
        ],
        "fullFile": "",
        "file": "",
        "passes": [],
        "failures": [],
        "skipped": [],
        "hasBeforeHooks": true,
        "hasAfterHooks": true,
        "hasTests": false,
        "hasSuites": false,
        "totalTests": 0,
        "totalPasses": 0,
        "totalFailures": 0,
        "totalPending": 0,
        "totalSkipped": 0,
        "hasPasses": false,
        "hasFailures": false,
        "hasPending": false,
        "hasSkipped": false,
        "duration": 0,
        "rootEmpty": false
      },
      {
        "title": "RefundableCrowdsaleImpl",
        "suites": [],
        "tests": [],
        "pending": [],
        "root": false,
        "_timeout": 2000,
        "uuid": "76c2061c-a6da-4403-bf36-6978ebbaae30",
        "beforeHooks": [
          {
            "title": "\"before all\" hook: prepare suite",
            "fullTitle": "RefundableCrowdsaleImpl \"before all\" hook: prepare suite",
            "timedOut": false,
            "duration": 0,
            "pass": false,
            "fail": false,
            "pending": false,
            "code": "series([\n  runner.initialize.bind(runner),\n  self.compileNewAbstractInterface.bind(this, runner),\n  self.deployTestDependencies.bind(this, abstraction, dependency_paths, runner)\n], done);",
            "err": {},
            "isRoot": false,
            "uuid": "c5a2f5a1-0f27-4505-a45e-83442bf811f3",
            "parentUUID": "76c2061c-a6da-4403-bf36-6978ebbaae30",
            "isHook": true,
            "skipped": false
          },
          {
            "title": "\"before each\" hook: before test",
            "fullTitle": "RefundableCrowdsaleImpl \"before each\" hook: before test",
            "timedOut": false,
            "duration": 0,
            "pass": false,
            "fail": false,
            "pending": false,
            "code": "runner.startTest(this, done);",
            "err": {},
            "isRoot": false,
            "uuid": "9ea2d0f9-2767-4c10-917f-ea25c4565ca2",
            "parentUUID": "76c2061c-a6da-4403-bf36-6978ebbaae30",
            "isHook": true,
            "skipped": false
          }
        ],
        "afterHooks": [
          {
            "title": "\"after each\" hook: after test",
            "fullTitle": "RefundableCrowdsaleImpl \"after each\" hook: after test",
            "timedOut": false,
            "duration": 0,
            "pass": false,
            "fail": false,
            "pending": false,
            "code": "runner.endTest(this, done);",
            "err": {},
            "isRoot": false,
            "uuid": "9bf181e9-cea0-4343-b915-ac03c84d1c70",
            "parentUUID": "76c2061c-a6da-4403-bf36-6978ebbaae30",
            "isHook": true,
            "skipped": false
          }
        ],
        "fullFile": "",
        "file": "",
        "passes": [],
        "failures": [],
        "skipped": [],
        "hasBeforeHooks": true,
        "hasAfterHooks": true,
        "hasTests": false,
        "hasSuites": false,
        "totalTests": 0,
        "totalPasses": 0,
        "totalFailures": 0,
        "totalPending": 0,
        "totalSkipped": 0,
        "hasPasses": false,
        "hasFailures": false,
        "hasPending": false,
        "hasSkipped": false,
        "duration": 0,
        "rootEmpty": false
      },
      {
        "title": "SafeMathMock",
        "suites": [],
        "tests": [],
        "pending": [],
        "root": false,
        "_timeout": 2000,
        "uuid": "36e4d590-b3fc-4dea-8c32-047e671964fa",
        "beforeHooks": [
          {
            "title": "\"before all\" hook: prepare suite",
            "fullTitle": "SafeMathMock \"before all\" hook: prepare suite",
            "timedOut": false,
            "duration": 0,
            "pass": false,
            "fail": false,
            "pending": false,
            "code": "series([\n  runner.initialize.bind(runner),\n  self.compileNewAbstractInterface.bind(this, runner),\n  self.deployTestDependencies.bind(this, abstraction, dependency_paths, runner)\n], done);",
            "err": {},
            "isRoot": false,
            "uuid": "2e577e93-c9d0-4217-acd2-1e62610d6649",
            "parentUUID": "36e4d590-b3fc-4dea-8c32-047e671964fa",
            "isHook": true,
            "skipped": false
          },
          {
            "title": "\"before each\" hook: before test",
            "fullTitle": "SafeMathMock \"before each\" hook: before test",
            "timedOut": false,
            "duration": 0,
            "pass": false,
            "fail": false,
            "pending": false,
            "code": "runner.startTest(this, done);",
            "err": {},
            "isRoot": false,
            "uuid": "99f8cfc8-c266-4aa4-8a5f-8e6bce9afbd9",
            "parentUUID": "36e4d590-b3fc-4dea-8c32-047e671964fa",
            "isHook": true,
            "skipped": false
          }
        ],
        "afterHooks": [
          {
            "title": "\"after each\" hook: after test",
            "fullTitle": "SafeMathMock \"after each\" hook: after test",
            "timedOut": false,
            "duration": 0,
            "pass": false,
            "fail": false,
            "pending": false,
            "code": "runner.endTest(this, done);",
            "err": {},
            "isRoot": false,
            "uuid": "b84bd8f9-1aca-4a32-9bc5-412107ed0f9d",
            "parentUUID": "36e4d590-b3fc-4dea-8c32-047e671964fa",
            "isHook": true,
            "skipped": false
          }
        ],
        "fullFile": "",
        "file": "",
        "passes": [],
        "failures": [],
        "skipped": [],
        "hasBeforeHooks": true,
        "hasAfterHooks": true,
        "hasTests": false,
        "hasSuites": false,
        "totalTests": 0,
        "totalPasses": 0,
        "totalFailures": 0,
        "totalPending": 0,
        "totalSkipped": 0,
        "hasPasses": false,
        "hasFailures": false,
        "hasPending": false,
        "hasSkipped": false,
        "duration": 0,
        "rootEmpty": false
      },
      {
        "title": "SecureTargetBounty",
        "suites": [],
        "tests": [],
        "pending": [],
        "root": false,
        "_timeout": 2000,
        "uuid": "e46ee8c9-86b2-461c-ad50-c68b2deb87b1",
        "beforeHooks": [
          {
            "title": "\"before all\" hook: prepare suite",
            "fullTitle": "SecureTargetBounty \"before all\" hook: prepare suite",
            "timedOut": false,
            "duration": 0,
            "pass": false,
            "fail": false,
            "pending": false,
            "code": "series([\n  runner.initialize.bind(runner),\n  self.compileNewAbstractInterface.bind(this, runner),\n  self.deployTestDependencies.bind(this, abstraction, dependency_paths, runner)\n], done);",
            "err": {},
            "isRoot": false,
            "uuid": "3aae87a0-a5f5-48e8-bc55-79938e4b4b4d",
            "parentUUID": "e46ee8c9-86b2-461c-ad50-c68b2deb87b1",
            "isHook": true,
            "skipped": false
          },
          {
            "title": "\"before each\" hook: before test",
            "fullTitle": "SecureTargetBounty \"before each\" hook: before test",
            "timedOut": false,
            "duration": 0,
            "pass": false,
            "fail": false,
            "pending": false,
            "code": "runner.startTest(this, done);",
            "err": {},
            "isRoot": false,
            "uuid": "95c09462-973f-4129-8810-2e8d462ba00d",
            "parentUUID": "e46ee8c9-86b2-461c-ad50-c68b2deb87b1",
            "isHook": true,
            "skipped": false
          }
        ],
        "afterHooks": [
          {
            "title": "\"after each\" hook: after test",
            "fullTitle": "SecureTargetBounty \"after each\" hook: after test",
            "timedOut": false,
            "duration": 0,
            "pass": false,
            "fail": false,
            "pending": false,
            "code": "runner.endTest(this, done);",
            "err": {},
            "isRoot": false,
            "uuid": "080255cb-09ea-4347-b269-21101999c6f3",
            "parentUUID": "e46ee8c9-86b2-461c-ad50-c68b2deb87b1",
            "isHook": true,
            "skipped": false
          }
        ],
        "fullFile": "",
        "file": "",
        "passes": [],
        "failures": [],
        "skipped": [],
        "hasBeforeHooks": true,
        "hasAfterHooks": true,
        "hasTests": false,
        "hasSuites": false,
        "totalTests": 0,
        "totalPasses": 0,
        "totalFailures": 0,
        "totalPending": 0,
        "totalSkipped": 0,
        "hasPasses": false,
        "hasFailures": false,
        "hasPending": false,
        "hasSkipped": false,
        "duration": 0,
        "rootEmpty": false
      },
      {
        "title": "StandardTokenMock",
        "suites": [],
        "tests": [],
        "pending": [],
        "root": false,
        "_timeout": 2000,
        "uuid": "84e007cd-4700-4277-8f81-f1b0093f44dc",
        "beforeHooks": [
          {
            "title": "\"before all\" hook: prepare suite",
            "fullTitle": "StandardTokenMock \"before all\" hook: prepare suite",
            "timedOut": false,
            "duration": 0,
            "pass": false,
            "fail": false,
            "pending": false,
            "code": "series([\n  runner.initialize.bind(runner),\n  self.compileNewAbstractInterface.bind(this, runner),\n  self.deployTestDependencies.bind(this, abstraction, dependency_paths, runner)\n], done);",
            "err": {},
            "isRoot": false,
            "uuid": "822df8c3-6ddf-45d4-9619-1941a3a857e8",
            "parentUUID": "84e007cd-4700-4277-8f81-f1b0093f44dc",
            "isHook": true,
            "skipped": false
          },
          {
            "title": "\"before each\" hook: before test",
            "fullTitle": "StandardTokenMock \"before each\" hook: before test",
            "timedOut": false,
            "duration": 0,
            "pass": false,
            "fail": false,
            "pending": false,
            "code": "runner.startTest(this, done);",
            "err": {},
            "isRoot": false,
            "uuid": "65f57882-8801-47eb-8153-3b3f092b6d17",
            "parentUUID": "84e007cd-4700-4277-8f81-f1b0093f44dc",
            "isHook": true,
            "skipped": false
          }
        ],
        "afterHooks": [
          {
            "title": "\"after each\" hook: after test",
            "fullTitle": "StandardTokenMock \"after each\" hook: after test",
            "timedOut": false,
            "duration": 0,
            "pass": false,
            "fail": false,
            "pending": false,
            "code": "runner.endTest(this, done);",
            "err": {},
            "isRoot": false,
            "uuid": "4c9705c5-8191-48e7-9090-8ef0a0c9a370",
            "parentUUID": "84e007cd-4700-4277-8f81-f1b0093f44dc",
            "isHook": true,
            "skipped": false
          }
        ],
        "fullFile": "",
        "file": "",
        "passes": [],
        "failures": [],
        "skipped": [],
        "hasBeforeHooks": true,
        "hasAfterHooks": true,
        "hasTests": false,
        "hasSuites": false,
        "totalTests": 0,
        "totalPasses": 0,
        "totalFailures": 0,
        "totalPending": 0,
        "totalSkipped": 0,
        "hasPasses": false,
        "hasFailures": false,
        "hasPending": false,
        "hasSkipped": false,
        "duration": 0,
        "rootEmpty": false
      },
      {
        "title": "VestedTokenMock",
        "suites": [],
        "tests": [],
        "pending": [],
        "root": false,
        "_timeout": 2000,
        "uuid": "3c7c20a0-afce-4b3c-8f28-636d64f83d77",
        "beforeHooks": [
          {
            "title": "\"before all\" hook: prepare suite",
            "fullTitle": "VestedTokenMock \"before all\" hook: prepare suite",
            "timedOut": false,
            "duration": 0,
            "pass": false,
            "fail": false,
            "pending": false,
            "code": "series([\n  runner.initialize.bind(runner),\n  self.compileNewAbstractInterface.bind(this, runner),\n  self.deployTestDependencies.bind(this, abstraction, dependency_paths, runner)\n], done);",
            "err": {},
            "isRoot": false,
            "uuid": "4a70e490-b9b8-4817-9364-80a77c4722fb",
            "parentUUID": "3c7c20a0-afce-4b3c-8f28-636d64f83d77",
            "isHook": true,
            "skipped": false
          },
          {
            "title": "\"before each\" hook: before test",
            "fullTitle": "VestedTokenMock \"before each\" hook: before test",
            "timedOut": false,
            "duration": 0,
            "pass": false,
            "fail": false,
            "pending": false,
            "code": "runner.startTest(this, done);",
            "err": {},
            "isRoot": false,
            "uuid": "6d144efd-fdd3-4956-9b0f-7c70dc13c9fc",
            "parentUUID": "3c7c20a0-afce-4b3c-8f28-636d64f83d77",
            "isHook": true,
            "skipped": false
          }
        ],
        "afterHooks": [
          {
            "title": "\"after each\" hook: after test",
            "fullTitle": "VestedTokenMock \"after each\" hook: after test",
            "timedOut": false,
            "duration": 0,
            "pass": false,
            "fail": false,
            "pending": false,
            "code": "runner.endTest(this, done);",
            "err": {},
            "isRoot": false,
            "uuid": "a938aac7-099e-4cf8-90ca-0b494f65c29f",
            "parentUUID": "3c7c20a0-afce-4b3c-8f28-636d64f83d77",
            "isHook": true,
            "skipped": false
          }
        ],
        "fullFile": "",
        "file": "",
        "passes": [],
        "failures": [],
        "skipped": [],
        "hasBeforeHooks": true,
        "hasAfterHooks": true,
        "hasTests": false,
        "hasSuites": false,
        "totalTests": 0,
        "totalPasses": 0,
        "totalFailures": 0,
        "totalPending": 0,
        "totalSkipped": 0,
        "hasPasses": false,
        "hasFailures": false,
        "hasPending": false,
        "hasSkipped": false,
        "duration": 0,
        "rootEmpty": false
      },
      {
        "title": "Contract: BasicToken",
        "suites": [],
        "tests": [
          {
            "title": "should return the correct totalSupply after construction",
            "fullTitle": "Contract: BasicToken should return the correct totalSupply after construction",
            "timedOut": false,
            "duration": 39,
            "state": "passed",
            "speed": "medium",
            "pass": true,
            "fail": false,
            "pending": false,
            "code": "step(\"throw\", err); }); } } return step(\"next\"); });",
            "err": {},
            "isRoot": false,
            "uuid": "ac77753c-bfdd-4376-9e9d-6ad83eb860a1",
            "parentUUID": "b0335395-9154-4798-a1f6-0be888208f71",
            "isHook": false,
            "skipped": false
          },
          {
            "title": "should return correct balances after transfer",
            "fullTitle": "Contract: BasicToken should return correct balances after transfer",
            "timedOut": false,
            "duration": 70,
            "state": "passed",
            "speed": "medium",
            "pass": true,
            "fail": false,
            "pending": false,
            "code": "step(\"throw\", err); }); } } return step(\"next\"); });",
            "err": {},
            "isRoot": false,
            "uuid": "9352e588-5c23-459f-b326-35aa03c7b117",
            "parentUUID": "b0335395-9154-4798-a1f6-0be888208f71",
            "isHook": false,
            "skipped": false
          },
          {
            "title": "should throw an error when trying to transfer more than balance",
            "fullTitle": "Contract: BasicToken should throw an error when trying to transfer more than balance",
            "timedOut": false,
            "duration": 136,
            "state": "failed",
            "pass": false,
            "fail": true,
            "pending": false,
            "code": "step(\"throw\", err); }); } } return step(\"next\"); });",
            "err": {
              "message": "AssertionError: Invalid opcode error must be returned: expected -1 to be above -1",
              "estack": "AssertionError: Invalid opcode error must be returned: expected -1 to be above -1\n    at Function.assert.isAbove (node_modules/truffle/build/cli.bundled.js:134965:35)\n    at module.exports (test/helpers/assertJump.js:2:10)\n    at Context._callee3$ (test/BasicToken.js:31:7)\n    at tryCatch (node_modules/regenerator-runtime/runtime.js:65:40)\n    at Generator.invoke [as _invoke] (node_modules/regenerator-runtime/runtime.js:303:22)\n    at Generator.prototype.(anonymous function) [as next] (node_modules/regenerator-runtime/runtime.js:117:21)\n    at step (test/BasicToken.js:3:191)\n    at test/BasicToken.js:3:361\n    at <anonymous>\n    at process._tickCallback (internal/process/next_tick.js:188:7)"
            },
            "isRoot": false,
            "uuid": "3f3d49ed-35d4-4309-a5ed-74f588654227",
            "parentUUID": "b0335395-9154-4798-a1f6-0be888208f71",
            "isHook": false,
            "skipped": false
          }
        ],
        "pending": [],
        "root": false,
        "_timeout": 300000,
        "file": "/test/BasicToken.js",
        "uuid": "b0335395-9154-4798-a1f6-0be888208f71",
        "beforeHooks": [
          {
            "title": "\"before all\" hook: prepare suite",
            "fullTitle": "Contract: BasicToken \"before all\" hook: prepare suite",
            "timedOut": false,
            "duration": 35,
            "pass": false,
            "fail": false,
            "pending": false,
            "code": "this.timeout(runner.BEFORE_TIMEOUT);\nrunner.initialize(done);",
            "err": {},
            "isRoot": false,
            "uuid": "3c455259-54fb-4d02-ad90-002d12014800",
            "parentUUID": "b0335395-9154-4798-a1f6-0be888208f71",
            "isHook": true,
            "skipped": false
          },
          {
            "title": "\"before each\" hook: before test",
            "fullTitle": "Contract: BasicToken \"before each\" hook: before test",
            "timedOut": false,
            "duration": 3,
            "pass": false,
            "fail": false,
            "pending": false,
            "code": "runner.startTest(this, done);",
            "err": {},
            "isRoot": false,
            "uuid": "e838be6a-10f0-43f4-851c-0a64b398a4b9",
            "parentUUID": "b0335395-9154-4798-a1f6-0be888208f71",
            "isHook": true,
            "skipped": false
          }
        ],
        "afterHooks": [
          {
            "title": "\"after each\" hook: after test",
            "fullTitle": "Contract: BasicToken \"after each\" hook: after test",
            "timedOut": false,
            "duration": 3,
            "pass": false,
            "fail": false,
            "pending": false,
            "code": "runner.endTest(this, done);",
            "err": {},
            "isRoot": false,
            "uuid": "2b65d1f9-c101-4d6d-84dd-ba4eeb39b12c",
            "parentUUID": "b0335395-9154-4798-a1f6-0be888208f71",
            "isHook": true,
            "skipped": false
          }
        ],
        "fullFile": "/Users/rstorm/repos/zeppelin-solidity/test/BasicToken.js",
        "passes": [
          {
            "title": "should return the correct totalSupply after construction",
            "fullTitle": "Contract: BasicToken should return the correct totalSupply after construction",
            "timedOut": false,
            "duration": 39,
            "state": "passed",
            "speed": "medium",
            "pass": true,
            "fail": false,
            "pending": false,
            "code": "step(\"throw\", err); }); } } return step(\"next\"); });",
            "err": {},
            "isRoot": false,
            "uuid": "ac77753c-bfdd-4376-9e9d-6ad83eb860a1",
            "parentUUID": "b0335395-9154-4798-a1f6-0be888208f71",
            "isHook": false,
            "skipped": false
          },
          {
            "title": "should return correct balances after transfer",
            "fullTitle": "Contract: BasicToken should return correct balances after transfer",
            "timedOut": false,
            "duration": 70,
            "state": "passed",
            "speed": "medium",
            "pass": true,
            "fail": false,
            "pending": false,
            "code": "step(\"throw\", err); }); } } return step(\"next\"); });",
            "err": {},
            "isRoot": false,
            "uuid": "9352e588-5c23-459f-b326-35aa03c7b117",
            "parentUUID": "b0335395-9154-4798-a1f6-0be888208f71",
            "isHook": false,
            "skipped": false
          }
        ],
        "failures": [
          {
            "title": "should throw an error when trying to transfer more than balance",
            "fullTitle": "Contract: BasicToken should throw an error when trying to transfer more than balance",
            "timedOut": false,
            "duration": 136,
            "state": "failed",
            "pass": false,
            "fail": true,
            "pending": false,
            "code": "step(\"throw\", err); }); } } return step(\"next\"); });",
            "err": {
              "message": "AssertionError: Invalid opcode error must be returned: expected -1 to be above -1",
              "estack": "AssertionError: Invalid opcode error must be returned: expected -1 to be above -1\n    at Function.assert.isAbove (node_modules/truffle/build/cli.bundled.js:134965:35)\n    at module.exports (test/helpers/assertJump.js:2:10)\n    at Context._callee3$ (test/BasicToken.js:31:7)\n    at tryCatch (node_modules/regenerator-runtime/runtime.js:65:40)\n    at Generator.invoke [as _invoke] (node_modules/regenerator-runtime/runtime.js:303:22)\n    at Generator.prototype.(anonymous function) [as next] (node_modules/regenerator-runtime/runtime.js:117:21)\n    at step (test/BasicToken.js:3:191)\n    at test/BasicToken.js:3:361\n    at <anonymous>\n    at process._tickCallback (internal/process/next_tick.js:188:7)"
            },
            "isRoot": false,
            "uuid": "3f3d49ed-35d4-4309-a5ed-74f588654227",
            "parentUUID": "b0335395-9154-4798-a1f6-0be888208f71",
            "isHook": false,
            "skipped": false
          }
        ],
        "skipped": [],
        "hasBeforeHooks": true,
        "hasAfterHooks": true,
        "hasTests": true,
        "hasSuites": false,
        "totalTests": 3,
        "totalPasses": 2,
        "totalFailures": 1,
        "totalPending": 0,
        "totalSkipped": 0,
        "hasPasses": true,
        "hasFailures": true,
        "hasPending": false,
        "hasSkipped": false,
        "duration": 245,
        "rootEmpty": false
      },
      {
        "title": "Contract: BurnableToken",
        "suites": [],
        "tests": [
          {
            "title": "owner should be able to burn tokens",
            "fullTitle": "Contract: BurnableToken owner should be able to burn tokens",
            "timedOut": false,
            "duration": 29,
            "state": "passed",
            "speed": "fast",
            "pass": true,
            "fail": false,
            "pending": false,
            "code": "step(\"throw\", err); }); } } return step(\"next\"); });",
            "err": {},
            "isRoot": false,
            "uuid": "f87fd2a7-abbc-420a-a6f3-fc4bf0d247c0",
            "parentUUID": "9beac3aa-b13b-4d16-a7aa-2527a4ad8adf",
            "isHook": false,
            "skipped": false
          },
          {
            "title": "cannot burn more tokens than your balance",
            "fullTitle": "Contract: BurnableToken cannot burn more tokens than your balance",
            "timedOut": false,
            "duration": 21,
            "state": "failed",
            "pass": false,
            "fail": true,
            "pending": false,
            "code": "step(\"throw\", err); }); } } return step(\"next\"); });",
            "err": {
              "message": "AssertionError: Unspecified AssertionError",
              "estack": "AssertionError: Unspecified AssertionError"
            },
            "isRoot": false,
            "uuid": "40b862d1-7305-4569-a7e0-60d0492da825",
            "parentUUID": "9beac3aa-b13b-4d16-a7aa-2527a4ad8adf",
            "isHook": false,
            "skipped": false
          }
        ],
        "pending": [],
        "root": false,
        "_timeout": 300000,
        "file": "/test/BurnableToken.js",
        "uuid": "9beac3aa-b13b-4d16-a7aa-2527a4ad8adf",
        "beforeHooks": [
          {
            "title": "\"before all\" hook: prepare suite",
            "fullTitle": "Contract: BurnableToken \"before all\" hook: prepare suite",
            "timedOut": false,
            "duration": 22,
            "pass": false,
            "fail": false,
            "pending": false,
            "code": "this.timeout(runner.BEFORE_TIMEOUT);\nrunner.initialize(done);",
            "err": {},
            "isRoot": false,
            "uuid": "87ac8cbd-6d48-48e1-bf0d-073a56e7bb94",
            "parentUUID": "9beac3aa-b13b-4d16-a7aa-2527a4ad8adf",
            "isHook": true,
            "skipped": false
          },
          {
            "title": "\"before each\" hook: before test",
            "fullTitle": "Contract: BurnableToken \"before each\" hook: before test",
            "timedOut": false,
            "duration": 2,
            "pass": false,
            "fail": false,
            "pending": false,
            "code": "runner.startTest(this, done);",
            "err": {},
            "isRoot": false,
            "uuid": "aad02838-0d9c-4073-a478-c1702c666d08",
            "parentUUID": "9beac3aa-b13b-4d16-a7aa-2527a4ad8adf",
            "isHook": true,
            "skipped": false
          },
          {
            "title": "\"before each\" hook",
            "fullTitle": "Contract: BurnableToken \"before each\" hook",
            "timedOut": false,
            "duration": 27,
            "pass": false,
            "fail": false,
            "pending": false,
            "code": "step(\"throw\", err); }); } } return step(\"next\"); });",
            "err": {},
            "isRoot": false,
            "uuid": "c6f00236-6c59-40ef-9dea-7832fc719a54",
            "parentUUID": "9beac3aa-b13b-4d16-a7aa-2527a4ad8adf",
            "isHook": true,
            "skipped": false
          }
        ],
        "afterHooks": [
          {
            "title": "\"after each\" hook: after test",
            "fullTitle": "Contract: BurnableToken \"after each\" hook: after test",
            "timedOut": false,
            "duration": 2,
            "pass": false,
            "fail": false,
            "pending": false,
            "code": "runner.endTest(this, done);",
            "err": {},
            "isRoot": false,
            "uuid": "da5dba6f-f4ee-4b44-9552-439480e3a7d4",
            "parentUUID": "9beac3aa-b13b-4d16-a7aa-2527a4ad8adf",
            "isHook": true,
            "skipped": false
          }
        ],
        "fullFile": "/Users/rstorm/repos/zeppelin-solidity/test/BurnableToken.js",
        "passes": [
          {
            "title": "owner should be able to burn tokens",
            "fullTitle": "Contract: BurnableToken owner should be able to burn tokens",
            "timedOut": false,
            "duration": 29,
            "state": "passed",
            "speed": "fast",
            "pass": true,
            "fail": false,
            "pending": false,
            "code": "step(\"throw\", err); }); } } return step(\"next\"); });",
            "err": {},
            "isRoot": false,
            "uuid": "f87fd2a7-abbc-420a-a6f3-fc4bf0d247c0",
            "parentUUID": "9beac3aa-b13b-4d16-a7aa-2527a4ad8adf",
            "isHook": false,
            "skipped": false
          }
        ],
        "failures": [
          {
            "title": "cannot burn more tokens than your balance",
            "fullTitle": "Contract: BurnableToken cannot burn more tokens than your balance",
            "timedOut": false,
            "duration": 21,
            "state": "failed",
            "pass": false,
            "fail": true,
            "pending": false,
            "code": "step(\"throw\", err); }); } } return step(\"next\"); });",
            "err": {
              "message": "AssertionError: Unspecified AssertionError",
              "estack": "AssertionError: Unspecified AssertionError"
            },
            "isRoot": false,
            "uuid": "40b862d1-7305-4569-a7e0-60d0492da825",
            "parentUUID": "9beac3aa-b13b-4d16-a7aa-2527a4ad8adf",
            "isHook": false,
            "skipped": false
          }
        ],
        "skipped": [],
        "hasBeforeHooks": true,
        "hasAfterHooks": true,
        "hasTests": true,
        "hasSuites": false,
        "totalTests": 2,
        "totalPasses": 1,
        "totalFailures": 1,
        "totalPending": 0,
        "totalSkipped": 0,
        "hasPasses": true,
        "hasFailures": true,
        "hasPending": false,
        "hasSkipped": false,
        "duration": 50,
        "rootEmpty": false
      },
      {
        "title": "Contract: Bounty",
        "suites": [
          {
            "title": "Against secure contract",
            "suites": [],
            "tests": [
              {
                "title": "cannot claim reward",
                "fullTitle": "Contract: Bounty Against secure contract cannot claim reward",
                "timedOut": false,
                "duration": 1216,
                "state": "passed",
                "speed": "slow",
                "pass": true,
                "fail": false,
                "pending": false,
                "code": "step(\"throw\", err); }); } } return step(\"next\"); });",
                "err": {},
                "isRoot": false,
                "uuid": "dbbda782-0437-42bb-b1d1-32b152c0f16d",
                "parentUUID": "69f8bf63-d457-4058-83f7-978516abce2f",
                "isHook": false,
                "skipped": false
              }
            ],
            "pending": [],
            "root": false,
            "_timeout": 300000,
            "file": "/test/Bounty.js",
            "uuid": "69f8bf63-d457-4058-83f7-978516abce2f",
            "beforeHooks": [],
            "afterHooks": [],
            "fullFile": "/Users/rstorm/repos/zeppelin-solidity/test/Bounty.js",
            "passes": [
              {
                "title": "cannot claim reward",
                "fullTitle": "Contract: Bounty Against secure contract cannot claim reward",
                "timedOut": false,
                "duration": 1216,
                "state": "passed",
                "speed": "slow",
                "pass": true,
                "fail": false,
                "pending": false,
                "code": "step(\"throw\", err); }); } } return step(\"next\"); });",
                "err": {},
                "isRoot": false,
                "uuid": "dbbda782-0437-42bb-b1d1-32b152c0f16d",
                "parentUUID": "69f8bf63-d457-4058-83f7-978516abce2f",
                "isHook": false,
                "skipped": false
              }
            ],
            "failures": [],
            "skipped": [],
            "hasBeforeHooks": false,
            "hasAfterHooks": false,
            "hasTests": true,
            "hasSuites": false,
            "totalTests": 1,
            "totalPasses": 1,
            "totalFailures": 0,
            "totalPending": 0,
            "totalSkipped": 0,
            "hasPasses": true,
            "hasFailures": false,
            "hasPending": false,
            "hasSkipped": false,
            "duration": 1216,
            "rootEmpty": false
          },
          {
            "title": "Against broken contract",
            "suites": [],
            "tests": [
              {
                "title": "claims reward",
                "fullTitle": "Contract: Bounty Against broken contract claims reward",
                "timedOut": false,
                "duration": 1690,
                "state": "passed",
                "speed": "slow",
                "pass": true,
                "fail": false,
                "pending": false,
                "code": "step(\"throw\", err); }); } } return step(\"next\"); });",
                "err": {},
                "isRoot": false,
                "uuid": "bc8c6c1b-6250-45f7-a75c-0aecf7665a9e",
                "parentUUID": "21c83d04-9040-4775-996d-c4d144e9c10d",
                "isHook": false,
                "skipped": false
              }
            ],
            "pending": [],
            "root": false,
            "_timeout": 300000,
            "file": "/test/Bounty.js",
            "uuid": "21c83d04-9040-4775-996d-c4d144e9c10d",
            "beforeHooks": [],
            "afterHooks": [],
            "fullFile": "/Users/rstorm/repos/zeppelin-solidity/test/Bounty.js",
            "passes": [
              {
                "title": "claims reward",
                "fullTitle": "Contract: Bounty Against broken contract claims reward",
                "timedOut": false,
                "duration": 1690,
                "state": "passed",
                "speed": "slow",
                "pass": true,
                "fail": false,
                "pending": false,
                "code": "step(\"throw\", err); }); } } return step(\"next\"); });",
                "err": {},
                "isRoot": false,
                "uuid": "bc8c6c1b-6250-45f7-a75c-0aecf7665a9e",
                "parentUUID": "21c83d04-9040-4775-996d-c4d144e9c10d",
                "isHook": false,
                "skipped": false
              }
            ],
            "failures": [],
            "skipped": [],
            "hasBeforeHooks": false,
            "hasAfterHooks": false,
            "hasTests": true,
            "hasSuites": false,
            "totalTests": 1,
            "totalPasses": 1,
            "totalFailures": 0,
            "totalPending": 0,
            "totalSkipped": 0,
            "hasPasses": true,
            "hasFailures": false,
            "hasPending": false,
            "hasSkipped": false,
            "duration": 1690,
            "rootEmpty": false
          }
        ],
        "tests": [
          {
            "title": "sets reward",
            "fullTitle": "Contract: Bounty sets reward",
            "timedOut": false,
            "duration": 626,
            "state": "passed",
            "speed": "slow",
            "pass": true,
            "fail": false,
            "pending": false,
            "code": "step(\"throw\", err); }); } } return step(\"next\"); });",
            "err": {},
            "isRoot": false,
            "uuid": "ea76dcf4-dca3-4388-936c-b1fe41dbe44f",
            "parentUUID": "4bb31c70-85b6-45ac-a285-1f400cddda45",
            "isHook": false,
            "skipped": false
          },
          {
            "title": "empties itself when destroyed",
            "fullTitle": "Contract: Bounty empties itself when destroyed",
            "timedOut": false,
            "duration": 906,
            "state": "passed",
            "speed": "slow",
            "pass": true,
            "fail": false,
            "pending": false,
            "code": "step(\"throw\", err); }); } } return step(\"next\"); });",
            "err": {},
            "isRoot": false,
            "uuid": "67b3ebd1-270a-4b2b-b6d9-1d9981d56de4",
            "parentUUID": "4bb31c70-85b6-45ac-a285-1f400cddda45",
            "isHook": false,
            "skipped": false
          }
        ],
        "pending": [],
        "root": false,
        "_timeout": 300000,
        "file": "/test/Bounty.js",
        "uuid": "4bb31c70-85b6-45ac-a285-1f400cddda45",
        "beforeHooks": [
          {
            "title": "\"before all\" hook: prepare suite",
            "fullTitle": "Contract: Bounty \"before all\" hook: prepare suite",
            "timedOut": false,
            "duration": 38,
            "pass": false,
            "fail": false,
            "pending": false,
            "code": "this.timeout(runner.BEFORE_TIMEOUT);\nrunner.initialize(done);",
            "err": {},
            "isRoot": false,
            "uuid": "6fd32520-0488-4682-bf1c-91c3977aee7c",
            "parentUUID": "4bb31c70-85b6-45ac-a285-1f400cddda45",
            "isHook": true,
            "skipped": false
          },
          {
            "title": "\"before each\" hook: before test",
            "fullTitle": "Contract: Bounty \"before each\" hook: before test",
            "timedOut": false,
            "duration": 3,
            "pass": false,
            "fail": false,
            "pending": false,
            "code": "runner.startTest(this, done);",
            "err": {},
            "isRoot": false,
            "uuid": "7c60f9c7-f49f-4ef5-bf08-40ff1a6d644e",
            "parentUUID": "4bb31c70-85b6-45ac-a285-1f400cddda45",
            "isHook": true,
            "skipped": false
          }
        ],
        "afterHooks": [
          {
            "title": "\"after each\" hook: after test",
            "fullTitle": "Contract: Bounty \"after each\" hook: after test",
            "timedOut": false,
            "duration": 0,
            "pass": false,
            "fail": false,
            "pending": false,
            "code": "runner.endTest(this, done);",
            "err": {},
            "isRoot": false,
            "uuid": "54b2acf5-350d-4dd6-9d28-6df2c31bd1ec",
            "parentUUID": "4bb31c70-85b6-45ac-a285-1f400cddda45",
            "isHook": true,
            "skipped": false
          }
        ],
        "fullFile": "/Users/rstorm/repos/zeppelin-solidity/test/Bounty.js",
        "passes": [
          {
            "title": "sets reward",
            "fullTitle": "Contract: Bounty sets reward",
            "timedOut": false,
            "duration": 626,
            "state": "passed",
            "speed": "slow",
            "pass": true,
            "fail": false,
            "pending": false,
            "code": "step(\"throw\", err); }); } } return step(\"next\"); });",
            "err": {},
            "isRoot": false,
            "uuid": "ea76dcf4-dca3-4388-936c-b1fe41dbe44f",
            "parentUUID": "4bb31c70-85b6-45ac-a285-1f400cddda45",
[...]
      },
      "isRoot": false,
      "uuid": "0a055b5a-85c7-49b4-a027-b043a582a68f",
      "parentUUID": "f8f4dea2-b272-4801-885b-f6e31f185eb1",
      "isHook": true,
      "skipped": false
    },
    {
      "title": "cannot be released before time limit",
      "fullTitle": "Contract: TokenTimelock cannot be released before time limit",
      "timedOut": false,
      "duration": 22,
      "state": "failed",
      "pass": false,
      "fail": true,
      "pending": false,
      "code": "step(\"throw\", err); }); } } return step(\"next\"); });",
      "err": {
        "message": "AssertionError: expected promise to be rejected but it was fulfilled with { Object (tx, receipt, ...) }",
        "estack": "AssertionError: expected promise to be rejected but it was fulfilled with { Object (tx, receipt, ...) }"
      },
      "isRoot": false,
      "uuid": "5474a124-c383-4fca-8c84-da36925073d1",
      "parentUUID": "f4395d70-8558-4482-9f8c-bdb9d0e7832b",
      "isHook": false,
      "skipped": false
    },
    {
      "title": "cannot be released just before time limit",
      "fullTitle": "Contract: TokenTimelock cannot be released just before time limit",
      "timedOut": false,
      "duration": 21,
      "state": "failed",
      "pass": false,
      "fail": true,
      "pending": false,
      "code": "step(\"throw\", err); }); } } return step(\"next\"); });",
      "err": {
        "message": "AssertionError: expected promise to be rejected but it was fulfilled with { Object (tx, receipt, ...) }",
        "estack": "AssertionError: expected promise to be rejected but it was fulfilled with { Object (tx, receipt, ...) }"
      },
      "isRoot": false,
      "uuid": "20755cd5-c4ad-473d-9e8d-839f1f9de66e",
      "parentUUID": "f4395d70-8558-4482-9f8c-bdb9d0e7832b",
      "isHook": false,
      "skipped": false
    },
    {
      "title": "can be released just after limit",
      "fullTitle": "Contract: TokenTimelock can be released just after limit",
      "timedOut": false,
      "duration": 27,
      "state": "failed",
      "pass": false,
      "fail": true,
      "pending": false,
      "code": "step(\"throw\", err); }); } } return step(\"next\"); });",
      "err": {
        "message": "AssertionError: expected '0' to equal '100'",
        "estack": "AssertionError: expected '0' to equal '100'\n    at Context._callee4$ (test/TokenTimelock.js:40:33)\n    at tryCatch (node_modules/regenerator-runtime/runtime.js:65:40)\n    at Generator.invoke [as _invoke] (node_modules/regenerator-runtime/runtime.js:303:22)\n    at Generator.prototype.(anonymous function) [as next] (node_modules/regenerator-runtime/runtime.js:117:21)\n    at step (test/TokenTimelock.js:19:191)\n    at test/TokenTimelock.js:19:361\n    at <anonymous>\n    at process._tickCallback (internal/process/next_tick.js:188:7)",
        "diff": "- 0\n+ 100\n"
      },
      "isRoot": false,
      "uuid": "66f04548-1d9a-455e-ac7f-def8c8d1545f",
      "parentUUID": "f4395d70-8558-4482-9f8c-bdb9d0e7832b",
      "isHook": false,
      "skipped": false
    },
    {
      "title": "can be released after time limit",
      "fullTitle": "Contract: TokenTimelock can be released after time limit",
      "timedOut": false,
      "duration": 26,
      "state": "failed",
      "pass": false,
      "fail": true,
      "pending": false,
      "code": "step(\"throw\", err); }); } } return step(\"next\"); });",
      "err": {
        "message": "AssertionError: expected '0' to equal '100'",
        "estack": "AssertionError: expected '0' to equal '100'\n    at Context._callee5$ (test/TokenTimelock.js:47:33)\n    at tryCatch (node_modules/regenerator-runtime/runtime.js:65:40)\n    at Generator.invoke [as _invoke] (node_modules/regenerator-runtime/runtime.js:303:22)\n    at Generator.prototype.(anonymous function) [as next] (node_modules/regenerator-runtime/runtime.js:117:21)\n    at step (test/TokenTimelock.js:19:191)\n    at test/TokenTimelock.js:19:361\n    at <anonymous>\n    at process._tickCallback (internal/process/next_tick.js:188:7)",
        "diff": "- 0\n+ 100\n"
      },
      "isRoot": false,
      "uuid": "df153298-12b7-4a7b-b020-ef925975989e",
      "parentUUID": "f4395d70-8558-4482-9f8c-bdb9d0e7832b",
      "isHook": false,
      "skipped": false
    },
    {
      "title": "cannot be released twice",
      "fullTitle": "Contract: TokenTimelock cannot be released twice",
      "timedOut": false,
      "duration": 45,
      "state": "failed",
      "pass": false,
      "fail": true,
      "pending": false,
      "code": "step(\"throw\", err); }); } } return step(\"next\"); });",
      "err": {
        "message": "AssertionError: expected promise to be rejected but it was fulfilled with { Object (tx, receipt, ...) }",
        "estack": "AssertionError: expected promise to be rejected but it was fulfilled with { Object (tx, receipt, ...) }"
      },
      "isRoot": false,
      "uuid": "42feda25-ba5c-428e-afe0-4bd264613493",
      "parentUUID": "f4395d70-8558-4482-9f8c-bdb9d0e7832b",
      "isHook": false,
      "skipped": false
    },
    {
      "title": "throws when trying to transfer non vested tokens",
      "fullTitle": "getting a revokable/non-burnable token grant throws when trying to transfer non vested tokens",
      "timedOut": false,
      "duration": 4,
      "state": "failed",
      "pass": false,
      "fail": true,
      "pending": false,
      "code": "step(\"throw\", err); }); } } return step(\"next\"); });",
      "err": {
        "message": "AssertionError: Invalid opcode error must be returned: expected -1 to be above -1",
        "estack": "AssertionError: Invalid opcode error must be returned: expected -1 to be above -1\n    at Function.assert.isAbove (node_modules/truffle/build/cli.bundled.js:134965:35)\n    at module.exports (test/helpers/assertJump.js:2:10)\n    at _callee7$ (test/VestedToken.js:51:9)\n    at tryCatch (node_modules/regenerator-runtime/runtime.js:65:40)\n    at Generator.invoke [as _invoke] (node_modules/regenerator-runtime/runtime.js:303:22)\n    at Generator.prototype.(anonymous function) [as throw] (node_modules/regenerator-runtime/runtime.js:117:21)\n    at step (test/VestedToken.js:3:191)\n    at test/VestedToken.js:3:402\n    at <anonymous>\n    at process._tickCallback (internal/process/next_tick.js:188:7)"
      },
      "isRoot": false,
      "uuid": "397c5375-b42f-49ac-8a1f-b826de3cb977",
      "parentUUID": "16bd4f2b-9be0-40f1-8ee8-00cd95756232",
      "isHook": false,
      "skipped": false
    },
    {
      "title": "throws when trying to transfer from non vested tokens",
      "fullTitle": "getting a revokable/non-burnable token grant throws when trying to transfer from non vested tokens",
      "timedOut": false,
      "duration": 2,
      "state": "failed",
      "pass": false,
      "fail": true,
      "pending": false,
      "code": "step(\"throw\", err); }); } } return step(\"next\"); });",
      "err": {
        "message": "AssertionError: Invalid opcode error must be returned: expected -1 to be above -1",
        "estack": "AssertionError: Invalid opcode error must be returned: expected -1 to be above -1\n    at Function.assert.isAbove (node_modules/truffle/build/cli.bundled.js:134965:35)\n    at module.exports (test/helpers/assertJump.js:2:10)\n    at _callee8$ (test/VestedToken.js:61:9)\n    at tryCatch (node_modules/regenerator-runtime/runtime.js:65:40)\n    at Generator.invoke [as _invoke] (node_modules/regenerator-runtime/runtime.js:303:22)\n    at Generator.prototype.(anonymous function) [as throw] (node_modules/regenerator-runtime/runtime.js:117:21)\n    at step (test/VestedToken.js:3:191)\n    at test/VestedToken.js:3:402\n    at <anonymous>\n    at process._tickCallback (internal/process/next_tick.js:188:7)"
      },
      "isRoot": false,
      "uuid": "b041ab55-d9eb-4c72-9429-8d58038da904",
      "parentUUID": "16bd4f2b-9be0-40f1-8ee8-00cd95756232",
      "isHook": false,
      "skipped": false
    },
    {
      "title": "cannot be revoked by non granter",
      "fullTitle": "getting a revokable/non-burnable token grant cannot be revoked by non granter",
      "timedOut": false,
      "duration": 2,
      "state": "failed",
      "pass": false,
      "fail": true,
      "pending": false,
      "code": "step(\"throw\", err); }); } } return step(\"next\"); });",
      "err": {
        "message": "AssertionError: Invalid opcode error must be returned: expected -1 to be above -1",
        "estack": "AssertionError: Invalid opcode error must be returned: expected -1 to be above -1\n    at Function.assert.isAbove (node_modules/truffle/build/cli.bundled.js:134965:35)\n    at module.exports (test/helpers/assertJump.js:2:10)\n    at _callee10$ (test/VestedToken.js:76:9)\n    at tryCatch (node_modules/regenerator-runtime/runtime.js:65:40)\n    at Generator.invoke [as _invoke] (node_modules/regenerator-runtime/runtime.js:303:22)\n    at Generator.prototype.(anonymous function) [as throw] (node_modules/regenerator-runtime/runtime.js:117:21)\n    at step (test/VestedToken.js:3:191)\n    at test/VestedToken.js:3:402\n    at <anonymous>\n    at process._tickCallback (internal/process/next_tick.js:188:7)"
      },
      "isRoot": false,
      "uuid": "99465a7e-9961-4057-a91e-405940f8a46f",
      "parentUUID": "16bd4f2b-9be0-40f1-8ee8-00cd95756232",
      "isHook": false,
      "skipped": false
    },
    {
      "title": "can be revoked by granter and non vested tokens are returned",
      "fullTitle": "getting a revokable/non-burnable token grant can be revoked by granter and non vested tokens are returned",
      "timedOut": false,
      "duration": 31,
      "state": "failed",
      "pass": false,
      "fail": true,
      "pending": false,
      "code": "step(\"throw\", err); }); } } return step(\"next\"); });",
      "err": {
        "message": "AssertionError: expected { Object (s, e, ...) } to equal 25",
        "estack": "AssertionError: expected { Object (s, e, ...) } to equal 25\n    at _callee11$ (test/VestedToken.js:80:72)\n    at tryCatch (node_modules/regenerator-runtime/runtime.js:65:40)\n    at Generator.invoke [as _invoke] (node_modules/regenerator-runtime/runtime.js:303:22)\n    at Generator.prototype.(anonymous function) [as next] (node_modules/regenerator-runtime/runtime.js:117:21)\n    at step (test/VestedToken.js:3:191)\n    at test/VestedToken.js:3:361\n    at <anonymous>\n    at process._tickCallback (internal/process/next_tick.js:188:7)"
      },
      "isRoot": false,
      "uuid": "49760beb-718e-4418-9611-f4beaa215a3c",
      "parentUUID": "16bd4f2b-9be0-40f1-8ee8-00cd95756232",
      "isHook": false,
      "skipped": false
    },
    {
      "title": "can transfer all tokens after vesting ends",
      "fullTitle": "getting a revokable/non-burnable token grant can transfer all tokens after vesting ends",
      "timedOut": false,
      "duration": 3,
      "state": "failed",
      "pass": false,
      "fail": true,
      "pending": false,
      "code": "step(\"throw\", err); }); } } return step(\"next\"); });",
      "err": {
        "message": "Error: Invalid number of arguments to Solidity function",
        "estack": "Error: Invalid number of arguments to Solidity function\n    at Object.InvalidNumberOfSolidityArgs (node_modules/truffle/build/cli.bundled.js:37967:16)\n    at SolidityFunction.validateArgs (node_modules/truffle/build/cli.bundled.js:231124:22)\n    at SolidityFunction.toPayload (node_modules/truffle/build/cli.bundled.js:231140:10)\n    at SolidityFunction.sendTransaction (node_modules/truffle/build/cli.bundled.js:231213:24)\n    at SolidityFunction.execute (node_modules/truffle/build/cli.bundled.js:231306:37)\n    at node_modules/truffle/build/cli.bundled.js:220999:16\n    at Promise (<anonymous>)\n    at node_modules/truffle/build/cli.bundled.js:220965:18\n    at <anonymous>\n    at process._tickCallback (internal/process/next_tick.js:188:7)"
      },
      "isRoot": false,
      "uuid": "896e5278-6672-4493-8598-e4bcdb8cd605",
      "parentUUID": "16bd4f2b-9be0-40f1-8ee8-00cd95756232",
      "isHook": false,
      "skipped": false
    },
    {
      "title": "can approve and transferFrom all tokens after vesting ends",
      "fullTitle": "getting a revokable/non-burnable token grant can approve and transferFrom all tokens after vesting ends",
      "timedOut": false,
      "duration": 3,
      "state": "failed",
      "pass": false,
      "fail": true,
      "pending": false,
      "code": "step(\"throw\", err); }); } } return step(\"next\"); });",
      "err": {
        "message": "Error: Invalid number of arguments to Solidity function",
        "estack": "Error: Invalid number of arguments to Solidity function\n    at Object.InvalidNumberOfSolidityArgs (node_modules/truffle/build/cli.bundled.js:37967:16)\n    at SolidityFunction.validateArgs (node_modules/truffle/build/cli.bundled.js:231124:22)\n    at SolidityFunction.toPayload (node_modules/truffle/build/cli.bundled.js:231140:10)\n    at SolidityFunction.sendTransaction (node_modules/truffle/build/cli.bundled.js:231213:24)\n    at SolidityFunction.execute (node_modules/truffle/build/cli.bundled.js:231306:37)\n    at node_modules/truffle/build/cli.bundled.js:220999:16\n    at Promise (<anonymous>)\n    at node_modules/truffle/build/cli.bundled.js:220965:18\n    at <anonymous>\n    at process._tickCallback (internal/process/next_tick.js:188:7)"
      },
      "isRoot": false,
      "uuid": "a27d9944-e0cb-48b8-b8d0-dd660060660a",
      "parentUUID": "16bd4f2b-9be0-40f1-8ee8-00cd95756232",
      "isHook": false,
      "skipped": false
    },
    {
      "title": "can handle composed vesting schedules",
      "fullTitle": "getting a revokable/non-burnable token grant can handle composed vesting schedules",
      "timedOut": false,
      "duration": 3,
      "state": "failed",
      "pass": false,
      "fail": true,
      "pending": false,
      "code": "step(\"throw\", err); }); } } return step(\"next\"); });",
      "err": {
        "message": "Error: Invalid number of arguments to Solidity function",
        "estack": "Error: Invalid number of arguments to Solidity function\n    at Object.InvalidNumberOfSolidityArgs (node_modules/truffle/build/cli.bundled.js:37967:16)\n    at SolidityFunction.validateArgs (node_modules/truffle/build/cli.bundled.js:231124:22)\n    at SolidityFunction.toPayload (node_modules/truffle/build/cli.bundled.js:231140:10)\n    at SolidityFunction.sendTransaction (node_modules/truffle/build/cli.bundled.js:231213:24)\n    at SolidityFunction.execute (node_modules/truffle/build/cli.bundled.js:231306:37)\n    at node_modules/truffle/build/cli.bundled.js:220999:16\n    at Promise (<anonymous>)\n    at node_modules/truffle/build/cli.bundled.js:220965:18\n    at <anonymous>\n    at process._tickCallback (internal/process/next_tick.js:188:7)"
      },
      "isRoot": false,
      "uuid": "ef311203-ff6f-487a-9ca6-2a490679290e",
      "parentUUID": "16bd4f2b-9be0-40f1-8ee8-00cd95756232",
      "isHook": false,
      "skipped": false
    },
    {
      "title": "throws when granter attempts to revoke",
      "fullTitle": "getting a non-revokable token grant throws when granter attempts to revoke",
      "timedOut": false,
      "duration": 22,
      "state": "failed",
      "pass": false,
      "fail": true,
      "pending": false,
      "code": "step(\"throw\", err); }); } } return step(\"next\"); });",
      "err": {
        "message": "AssertionError: Invalid opcode error must be returned: expected -1 to be above -1",
        "estack": "AssertionError: Invalid opcode error must be returned: expected -1 to be above -1\n    at Function.assert.isAbove (node_modules/truffle/build/cli.bundled.js:134965:35)\n    at module.exports (test/helpers/assertJump.js:2:10)\n    at _callee18$ (test/VestedToken.js:136:9)\n    at tryCatch (node_modules/regenerator-runtime/runtime.js:65:40)\n    at Generator.invoke [as _invoke] (node_modules/regenerator-runtime/runtime.js:303:22)\n    at Generator.prototype.(anonymous function) [as next] (node_modules/regenerator-runtime/runtime.js:117:21)\n    at step (test/VestedToken.js:3:191)\n    at test/VestedToken.js:3:361\n    at <anonymous>\n    at process._tickCallback (internal/process/next_tick.js:188:7)"
      },
      "isRoot": false,
      "uuid": "6d5c8702-ee49-4a95-a7bf-e772ee01f19e",
      "parentUUID": "b16e4e2c-0027-4396-804f-90733242f624",
      "isHook": false,
      "skipped": false
    },
    {
      "title": "cannot be revoked by non granter",
      "fullTitle": "getting a revokable/burnable token grant cannot be revoked by non granter",
      "timedOut": false,
      "duration": 2,
      "state": "failed",
      "pass": false,
      "fail": true,
      "pending": false,
      "code": "step(\"throw\", err); }); } } return step(\"next\"); });",
      "err": {
        "message": "AssertionError: Invalid opcode error must be returned: expected -1 to be above -1",
        "estack": "AssertionError: Invalid opcode error must be returned: expected -1 to be above -1\n    at Function.assert.isAbove (node_modules/truffle/build/cli.bundled.js:134965:35)\n    at module.exports (test/helpers/assertJump.js:2:10)\n    at _callee23$ (test/VestedToken.js:165:9)\n    at tryCatch (node_modules/regenerator-runtime/runtime.js:65:40)\n    at Generator.invoke [as _invoke] (node_modules/regenerator-runtime/runtime.js:303:22)\n    at Generator.prototype.(anonymous function) [as throw] (node_modules/regenerator-runtime/runtime.js:117:21)\n    at step (test/VestedToken.js:3:191)\n    at test/VestedToken.js:3:402\n    at <anonymous>\n    at process._tickCallback (internal/process/next_tick.js:188:7)"
      },
      "isRoot": false,
      "uuid": "6b432b12-9524-4c15-9513-7ca33185b515",
      "parentUUID": "34d04397-857d-4956-9501-cfe6b1d4a184",
      "isHook": false,
      "skipped": false
    },
    {
      "title": "can be revoked by granter and non vested tokens are returned",
      "fullTitle": "getting a revokable/burnable token grant can be revoked by granter and non vested tokens are returned",
      "timedOut": false,
      "duration": 23,
      "state": "failed",
      "pass": false,
      "fail": true,
      "pending": false,
      "code": "step(\"throw\", err); }); } } return step(\"next\"); });",
      "err": {
        "message": "AssertionError: expected { Object (s, e, ...) } to equal 25",
        "estack": "AssertionError: expected { Object (s, e, ...) } to equal 25\n    at _callee24$ (test/VestedToken.js:169:72)\n    at tryCatch (node_modules/regenerator-runtime/runtime.js:65:40)\n    at Generator.invoke [as _invoke] (node_modules/regenerator-runtime/runtime.js:303:22)\n    at Generator.prototype.(anonymous function) [as next] (node_modules/regenerator-runtime/runtime.js:117:21)\n    at step (test/VestedToken.js:3:191)\n    at test/VestedToken.js:3:361\n    at <anonymous>\n    at process._tickCallback (internal/process/next_tick.js:188:7)"
      },
      "isRoot": false,
      "uuid": "8b043ae0-0556-415a-8051-3cdf463d7965",
      "parentUUID": "34d04397-857d-4956-9501-cfe6b1d4a184",
      "isHook": false,
      "skipped": false
    }
  ],
  "copyrightYear": 2017
}